C:\Program Files (x86)\Microsoft Visual Studio\2019\Community\MSBuild\Microsoft\VC\v160\Microsoft.CppBuild.targets(513,5): warning MSB8028: The intermediate directory (Debug\) contains files shared from another project (Pokemon_de_jas.vcxproj).  This can lead to incorrect clean and rebuild behavior.
  MyForm.cpp
D:\visual\Pokemon_de_jas\Pokemon_de_jas\Personaje.h(64,25): warning C4552: '+': result of expression not used
D:\visual\Pokemon_de_jas\Pokemon_de_jas\Personaje.h(66,26): warning C4552: '+': result of expression not used
D:\visual\Pokemon_de_jas\Pokemon_de_jas\Personaje.h(68,27): warning C4552: '+': result of expression not used
D:\visual\Pokemon_de_jas\Pokemon_de_jas\Personaje.h(70,28): warning C4552: '+': result of expression not used
D:\visual\Pokemon_de_jas\Pokemon_de_jas\Pokebola.h(19,34): warning C4244: 'argument': conversion from 'double' to 'int', possible loss of data
D:\visual\Pokemon_de_jas\Pokemon_de_jas\Controladora.h(61,68): warning C4244: 'argument': conversion from 'float' to 'int', possible loss of data
D:\visual\Pokemon_de_jas\Pokemon_de_jas\Controladora.h(61,40): warning C4244: 'argument': conversion from 'float' to 'int', possible loss of data
D:\visual\Pokemon_de_jas\Pokemon_de_jas\Controladora.h(65,20): warning C4018: '<': signed/unsigned mismatch
D:\visual\Pokemon_de_jas\Pokemon_de_jas\Controladora.h(81,20): warning C4018: '<': signed/unsigned mismatch
D:\visual\Pokemon_de_jas\Pokemon_de_jas\Controladora.h(84,52): warning C4244: 'argument': conversion from 'float' to 'int', possible loss of data
D:\visual\Pokemon_de_jas\Pokemon_de_jas\Controladora.h(84,24): warning C4244: 'argument': conversion from 'float' to 'int', possible loss of data
D:\visual\Pokemon_de_jas\Pokemon_de_jas\Controladora.h(95,22): warning C4018: '<': signed/unsigned mismatch
D:\visual\Pokemon_de_jas\Pokemon_de_jas\MyForm.cpp(8,11): warning C4244: 'argument': conversion from 'time_t' to 'unsigned int', possible loss of data
D:\visual\Pokemon_de_jas\Pokemon_de_jas\MyForm.cpp(9,15): warning C4551: function call missing argument list
  .NETFramework,Version=v4.5.2.AssemblyAttributes.cpp
  Generating Code...
  MyForm.obj : MSIL module encountered; incremental linking is disabled for MSIL; performing full link
  Pokemon_de_jas.vcxproj -> D:\visual\Pokemon_de_jas\Debug\Pokemondejas.exe
